{"C:\\Users\\user\\Dropbox\\My PC (DESKTOP-AP2RL1G)\\Documents\\Projetos CODE\\teste_startDB\\src\\recintos-zoo.js": {"path":"C:\\Users\\user\\Dropbox\\My PC (DESKTOP-AP2RL1G)\\Documents\\Projetos CODE\\teste_startDB\\src\\recintos-zoo.js","all":false,"statementMap":{"0":{"start":{"line":1,"column":0},"end":{"line":1,"column":19}},"1":{"start":{"line":2,"column":0},"end":{"line":2,"column":19}},"2":{"start":{"line":3,"column":0},"end":{"line":3,"column":25}},"3":{"start":{"line":4,"column":0},"end":{"line":4,"column":97}},"4":{"start":{"line":5,"column":0},"end":{"line":5,"column":70}},"5":{"start":{"line":6,"column":0},"end":{"line":6,"column":82}},"6":{"start":{"line":7,"column":0},"end":{"line":7,"column":65}},"7":{"start":{"line":8,"column":0},"end":{"line":8,"column":73}},"8":{"start":{"line":9,"column":0},"end":{"line":9,"column":10}},"9":{"start":{"line":10,"column":0},"end":{"line":10,"column":0}},"10":{"start":{"line":11,"column":0},"end":{"line":11,"column":24}},"11":{"start":{"line":12,"column":0},"end":{"line":12,"column":71}},"12":{"start":{"line":13,"column":0},"end":{"line":13,"column":75}},"13":{"start":{"line":14,"column":0},"end":{"line":14,"column":73}},"14":{"start":{"line":15,"column":0},"end":{"line":15,"column":86}},"15":{"start":{"line":16,"column":0},"end":{"line":16,"column":74}},"16":{"start":{"line":17,"column":0},"end":{"line":17,"column":84}},"17":{"start":{"line":18,"column":0},"end":{"line":18,"column":10}},"18":{"start":{"line":19,"column":0},"end":{"line":19,"column":5}},"19":{"start":{"line":20,"column":0},"end":{"line":20,"column":0}},"20":{"start":{"line":21,"column":0},"end":{"line":21,"column":45}},"21":{"start":{"line":22,"column":0},"end":{"line":22,"column":40}},"22":{"start":{"line":23,"column":0},"end":{"line":23,"column":47}},"23":{"start":{"line":24,"column":0},"end":{"line":24,"column":9}},"24":{"start":{"line":25,"column":0},"end":{"line":25,"column":0}},"25":{"start":{"line":26,"column":0},"end":{"line":26,"column":63}},"26":{"start":{"line":27,"column":0},"end":{"line":27,"column":51}},"27":{"start":{"line":28,"column":0},"end":{"line":28,"column":9}},"28":{"start":{"line":29,"column":0},"end":{"line":29,"column":0}},"29":{"start":{"line":30,"column":0},"end":{"line":30,"column":48}},"30":{"start":{"line":31,"column":0},"end":{"line":31,"column":61}},"31":{"start":{"line":32,"column":0},"end":{"line":32,"column":65}},"32":{"start":{"line":33,"column":0},"end":{"line":33,"column":80}},"33":{"start":{"line":34,"column":0},"end":{"line":34,"column":0}},"34":{"start":{"line":35,"column":0},"end":{"line":35,"column":57}},"35":{"start":{"line":36,"column":0},"end":{"line":36,"column":77}},"36":{"start":{"line":37,"column":0},"end":{"line":37,"column":29}},"37":{"start":{"line":38,"column":0},"end":{"line":38,"column":13}},"38":{"start":{"line":39,"column":0},"end":{"line":39,"column":0}},"39":{"start":{"line":40,"column":0},"end":{"line":40,"column":83}},"40":{"start":{"line":41,"column":0},"end":{"line":41,"column":63}},"41":{"start":{"line":42,"column":0},"end":{"line":42,"column":114}},"42":{"start":{"line":43,"column":0},"end":{"line":43,"column":45}},"43":{"start":{"line":44,"column":0},"end":{"line":44,"column":18}},"44":{"start":{"line":45,"column":0},"end":{"line":45,"column":0}},"45":{"start":{"line":46,"column":0},"end":{"line":46,"column":85}},"46":{"start":{"line":47,"column":0},"end":{"line":47,"column":135}},"47":{"start":{"line":48,"column":0},"end":{"line":48,"column":88}},"48":{"start":{"line":49,"column":0},"end":{"line":49,"column":0}},"49":{"start":{"line":50,"column":0},"end":{"line":50,"column":102}},"50":{"start":{"line":51,"column":0},"end":{"line":51,"column":137}},"51":{"start":{"line":52,"column":0},"end":{"line":52,"column":79}},"52":{"start":{"line":53,"column":0},"end":{"line":53,"column":0}},"53":{"start":{"line":54,"column":0},"end":{"line":54,"column":49}},"54":{"start":{"line":55,"column":0},"end":{"line":55,"column":116}},"55":{"start":{"line":56,"column":0},"end":{"line":56,"column":29}},"56":{"start":{"line":57,"column":0},"end":{"line":57,"column":13}},"57":{"start":{"line":58,"column":0},"end":{"line":58,"column":0}},"58":{"start":{"line":59,"column":0},"end":{"line":59,"column":45}},"59":{"start":{"line":60,"column":0},"end":{"line":60,"column":60}},"60":{"start":{"line":61,"column":0},"end":{"line":61,"column":126}},"61":{"start":{"line":62,"column":0},"end":{"line":62,"column":33}},"62":{"start":{"line":63,"column":0},"end":{"line":63,"column":17}},"63":{"start":{"line":64,"column":0},"end":{"line":64,"column":13}},"64":{"start":{"line":65,"column":0},"end":{"line":65,"column":0}},"65":{"start":{"line":66,"column":0},"end":{"line":66,"column":90}},"66":{"start":{"line":67,"column":0},"end":{"line":67,"column":92}},"67":{"start":{"line":68,"column":0},"end":{"line":68,"column":29}},"68":{"start":{"line":69,"column":0},"end":{"line":69,"column":13}},"69":{"start":{"line":70,"column":0},"end":{"line":70,"column":0}},"70":{"start":{"line":71,"column":0},"end":{"line":71,"column":50}},"71":{"start":{"line":72,"column":0},"end":{"line":72,"column":147}},"72":{"start":{"line":73,"column":0},"end":{"line":73,"column":29}},"73":{"start":{"line":74,"column":0},"end":{"line":74,"column":13}},"74":{"start":{"line":75,"column":0},"end":{"line":75,"column":0}},"75":{"start":{"line":76,"column":0},"end":{"line":76,"column":55}},"76":{"start":{"line":77,"column":0},"end":{"line":77,"column":55}},"77":{"start":{"line":78,"column":0},"end":{"line":78,"column":28}},"78":{"start":{"line":79,"column":0},"end":{"line":79,"column":13}},"79":{"start":{"line":80,"column":0},"end":{"line":80,"column":0}},"80":{"start":{"line":81,"column":0},"end":{"line":81,"column":25}},"81":{"start":{"line":82,"column":0},"end":{"line":82,"column":11}},"82":{"start":{"line":83,"column":0},"end":{"line":83,"column":0}},"83":{"start":{"line":84,"column":0},"end":{"line":84,"column":41}},"84":{"start":{"line":85,"column":0},"end":{"line":85,"column":62}},"85":{"start":{"line":86,"column":0},"end":{"line":86,"column":87}},"86":{"start":{"line":87,"column":0},"end":{"line":87,"column":67}},"87":{"start":{"line":88,"column":0},"end":{"line":88,"column":118}},"88":{"start":{"line":89,"column":0},"end":{"line":89,"column":49}},"89":{"start":{"line":90,"column":0},"end":{"line":90,"column":22}},"90":{"start":{"line":91,"column":0},"end":{"line":91,"column":0}},"91":{"start":{"line":92,"column":0},"end":{"line":92,"column":89}},"92":{"start":{"line":93,"column":0},"end":{"line":93,"column":139}},"93":{"start":{"line":94,"column":0},"end":{"line":94,"column":92}},"94":{"start":{"line":95,"column":0},"end":{"line":95,"column":0}},"95":{"start":{"line":96,"column":0},"end":{"line":96,"column":106}},"96":{"start":{"line":97,"column":0},"end":{"line":97,"column":141}},"97":{"start":{"line":98,"column":0},"end":{"line":98,"column":83}},"98":{"start":{"line":99,"column":0},"end":{"line":99,"column":0}},"99":{"start":{"line":100,"column":0},"end":{"line":100,"column":77}},"100":{"start":{"line":101,"column":0},"end":{"line":101,"column":0}},"101":{"start":{"line":102,"column":0},"end":{"line":102,"column":133}},"102":{"start":{"line":103,"column":0},"end":{"line":103,"column":22}},"103":{"start":{"line":104,"column":0},"end":{"line":104,"column":0}},"104":{"start":{"line":105,"column":0},"end":{"line":105,"column":50}},"105":{"start":{"line":106,"column":0},"end":{"line":106,"column":16}},"106":{"start":{"line":107,"column":0},"end":{"line":107,"column":53}},"107":{"start":{"line":108,"column":0},"end":{"line":108,"column":9}},"108":{"start":{"line":109,"column":0},"end":{"line":109,"column":5}},"109":{"start":{"line":110,"column":0},"end":{"line":110,"column":1}},"110":{"start":{"line":111,"column":0},"end":{"line":111,"column":0}},"111":{"start":{"line":112,"column":0},"end":{"line":112,"column":38}},"112":{"start":{"line":113,"column":0},"end":{"line":113,"column":0}},"113":{"start":{"line":114,"column":0},"end":{"line":114,"column":30}},"114":{"start":{"line":115,"column":0},"end":{"line":115,"column":51}},"115":{"start":{"line":116,"column":0},"end":{"line":116,"column":23}}},"s":{"0":1,"1":1,"2":6,"3":6,"4":6,"5":6,"6":6,"7":6,"8":6,"9":6,"10":6,"11":6,"12":6,"13":6,"14":6,"15":6,"16":6,"17":6,"18":6,"19":1,"20":1,"21":6,"22":1,"23":1,"24":5,"25":6,"26":1,"27":1,"28":4,"29":4,"30":4,"31":4,"32":20,"33":20,"34":20,"35":20,"36":6,"37":6,"38":14,"39":14,"40":16,"41":16,"42":16,"43":14,"44":14,"45":14,"46":20,"47":20,"48":20,"49":20,"50":20,"51":20,"52":20,"53":20,"54":20,"55":1,"56":1,"57":13,"58":20,"59":9,"60":9,"61":3,"62":3,"63":9,"64":10,"65":10,"66":20,"67":0,"68":0,"69":10,"70":10,"71":20,"72":0,"73":0,"74":10,"75":10,"76":20,"77":7,"78":7,"79":3,"80":3,"81":4,"82":4,"83":6,"84":3,"85":7,"86":8,"87":8,"88":8,"89":7,"90":7,"91":7,"92":7,"93":7,"94":7,"95":7,"96":7,"97":7,"98":7,"99":7,"100":7,"101":7,"102":3,"103":3,"104":3,"105":6,"106":1,"107":1,"108":6,"109":1,"110":1,"111":1,"112":1,"113":1,"114":1,"115":1},"branchMap":{"0":{"type":"branch","line":2,"loc":{"start":{"line":2,"column":4},"end":{"line":19,"column":5}},"locations":[{"start":{"line":2,"column":4},"end":{"line":19,"column":5}}]},"1":{"type":"branch","line":21,"loc":{"start":{"line":21,"column":4},"end":{"line":109,"column":5}},"locations":[{"start":{"line":21,"column":4},"end":{"line":109,"column":5}}]},"2":{"type":"branch","line":22,"loc":{"start":{"line":22,"column":39},"end":{"line":24,"column":9}},"locations":[{"start":{"line":22,"column":39},"end":{"line":24,"column":9}}]},"3":{"type":"branch","line":24,"loc":{"start":{"line":24,"column":8},"end":{"line":26,"column":31}},"locations":[{"start":{"line":24,"column":8},"end":{"line":26,"column":31}}]},"4":{"type":"branch","line":26,"loc":{"start":{"line":26,"column":27},"end":{"line":26,"column":60}},"locations":[{"start":{"line":26,"column":27},"end":{"line":26,"column":60}}]},"5":{"type":"branch","line":26,"loc":{"start":{"line":26,"column":62},"end":{"line":28,"column":9}},"locations":[{"start":{"line":26,"column":62},"end":{"line":28,"column":9}}]},"6":{"type":"branch","line":28,"loc":{"start":{"line":28,"column":8},"end":{"line":84,"column":40}},"locations":[{"start":{"line":28,"column":8},"end":{"line":84,"column":40}}]},"7":{"type":"branch","line":84,"loc":{"start":{"line":84,"column":40},"end":{"line":106,"column":9}},"locations":[{"start":{"line":84,"column":40},"end":{"line":106,"column":9}}]},"8":{"type":"branch","line":106,"loc":{"start":{"line":106,"column":9},"end":{"line":108,"column":9}},"locations":[{"start":{"line":106,"column":9},"end":{"line":108,"column":9}}]},"9":{"type":"branch","line":32,"loc":{"start":{"line":32,"column":53},"end":{"line":82,"column":9}},"locations":[{"start":{"line":32,"column":53},"end":{"line":82,"column":9}}]},"10":{"type":"branch","line":36,"loc":{"start":{"line":36,"column":76},"end":{"line":38,"column":13}},"locations":[{"start":{"line":36,"column":76},"end":{"line":38,"column":13}}]},"11":{"type":"branch","line":38,"loc":{"start":{"line":38,"column":12},"end":{"line":47,"column":67}},"locations":[{"start":{"line":38,"column":12},"end":{"line":47,"column":67}}]},"12":{"type":"branch","line":47,"loc":{"start":{"line":47,"column":63},"end":{"line":47,"column":126}},"locations":[{"start":{"line":47,"column":63},"end":{"line":47,"column":126}}]},"13":{"type":"branch","line":47,"loc":{"start":{"line":47,"column":126},"end":{"line":47,"column":130}},"locations":[{"start":{"line":47,"column":126},"end":{"line":47,"column":130}}]},"14":{"type":"branch","line":47,"loc":{"start":{"line":47,"column":130},"end":{"line":47,"column":134}},"locations":[{"start":{"line":47,"column":130},"end":{"line":47,"column":134}}]},"15":{"type":"branch","line":51,"loc":{"start":{"line":51,"column":66},"end":{"line":51,"column":128}},"locations":[{"start":{"line":51,"column":66},"end":{"line":51,"column":128}}]},"16":{"type":"branch","line":51,"loc":{"start":{"line":51,"column":128},"end":{"line":51,"column":132}},"locations":[{"start":{"line":51,"column":128},"end":{"line":51,"column":132}}]},"17":{"type":"branch","line":51,"loc":{"start":{"line":51,"column":132},"end":{"line":51,"column":136}},"locations":[{"start":{"line":51,"column":132},"end":{"line":51,"column":136}}]},"18":{"type":"branch","line":55,"loc":{"start":{"line":55,"column":32},"end":{"line":55,"column":62}},"locations":[{"start":{"line":55,"column":32},"end":{"line":55,"column":62}}]},"19":{"type":"branch","line":55,"loc":{"start":{"line":55,"column":62},"end":{"line":55,"column":113}},"locations":[{"start":{"line":55,"column":62},"end":{"line":55,"column":113}}]},"20":{"type":"branch","line":55,"loc":{"start":{"line":55,"column":115},"end":{"line":57,"column":13}},"locations":[{"start":{"line":55,"column":115},"end":{"line":57,"column":13}}]},"21":{"type":"branch","line":57,"loc":{"start":{"line":57,"column":12},"end":{"line":59,"column":44}},"locations":[{"start":{"line":57,"column":12},"end":{"line":59,"column":44}}]},"22":{"type":"branch","line":59,"loc":{"start":{"line":59,"column":44},"end":{"line":64,"column":13}},"locations":[{"start":{"line":59,"column":44},"end":{"line":64,"column":13}}]},"23":{"type":"branch","line":61,"loc":{"start":{"line":61,"column":74},"end":{"line":61,"column":123}},"locations":[{"start":{"line":61,"column":74},"end":{"line":61,"column":123}}]},"24":{"type":"branch","line":61,"loc":{"start":{"line":61,"column":125},"end":{"line":63,"column":17}},"locations":[{"start":{"line":61,"column":125},"end":{"line":63,"column":17}}]},"25":{"type":"branch","line":64,"loc":{"start":{"line":64,"column":12},"end":{"line":67,"column":43}},"locations":[{"start":{"line":64,"column":12},"end":{"line":67,"column":43}}]},"26":{"type":"branch","line":67,"loc":{"start":{"line":67,"column":39},"end":{"line":67,"column":71}},"locations":[{"start":{"line":67,"column":39},"end":{"line":67,"column":71}}]},"27":{"type":"branch","line":67,"loc":{"start":{"line":67,"column":71},"end":{"line":67,"column":89}},"locations":[{"start":{"line":67,"column":71},"end":{"line":67,"column":89}}]},"28":{"type":"branch","line":67,"loc":{"start":{"line":67,"column":91},"end":{"line":69,"column":13}},"locations":[{"start":{"line":67,"column":91},"end":{"line":69,"column":13}}]},"29":{"type":"branch","line":69,"loc":{"start":{"line":69,"column":12},"end":{"line":72,"column":47}},"locations":[{"start":{"line":69,"column":12},"end":{"line":72,"column":47}}]},"30":{"type":"branch","line":72,"loc":{"start":{"line":72,"column":43},"end":{"line":72,"column":73}},"locations":[{"start":{"line":72,"column":43},"end":{"line":72,"column":73}}]},"31":{"type":"branch","line":72,"loc":{"start":{"line":72,"column":73},"end":{"line":72,"column":110}},"locations":[{"start":{"line":72,"column":73},"end":{"line":72,"column":110}}]},"32":{"type":"branch","line":72,"loc":{"start":{"line":72,"column":110},"end":{"line":72,"column":144}},"locations":[{"start":{"line":72,"column":110},"end":{"line":72,"column":144}}]},"33":{"type":"branch","line":72,"loc":{"start":{"line":72,"column":146},"end":{"line":74,"column":13}},"locations":[{"start":{"line":72,"column":146},"end":{"line":74,"column":13}}]},"34":{"type":"branch","line":74,"loc":{"start":{"line":74,"column":12},"end":{"line":77,"column":54}},"locations":[{"start":{"line":74,"column":12},"end":{"line":77,"column":54}}]},"35":{"type":"branch","line":77,"loc":{"start":{"line":77,"column":54},"end":{"line":79,"column":13}},"locations":[{"start":{"line":77,"column":54},"end":{"line":79,"column":13}}]},"36":{"type":"branch","line":79,"loc":{"start":{"line":79,"column":12},"end":{"line":82,"column":9}},"locations":[{"start":{"line":79,"column":12},"end":{"line":82,"column":9}}]},"37":{"type":"branch","line":33,"loc":{"start":{"line":33,"column":65},"end":{"line":33,"column":78}},"locations":[{"start":{"line":33,"column":65},"end":{"line":33,"column":78}}]},"38":{"type":"branch","line":36,"loc":{"start":{"line":36,"column":35},"end":{"line":36,"column":73}},"locations":[{"start":{"line":36,"column":35},"end":{"line":36,"column":73}}]},"39":{"type":"branch","line":40,"loc":{"start":{"line":40,"column":62},"end":{"line":44,"column":13}},"locations":[{"start":{"line":40,"column":62},"end":{"line":44,"column":13}}]},"40":{"type":"branch","line":42,"loc":{"start":{"line":42,"column":109},"end":{"line":42,"column":113}},"locations":[{"start":{"line":42,"column":109},"end":{"line":42,"column":113}}]},"41":{"type":"branch","line":47,"loc":{"start":{"line":47,"column":90},"end":{"line":47,"column":125}},"locations":[{"start":{"line":47,"column":90},"end":{"line":47,"column":125}}]},"42":{"type":"branch","line":51,"loc":{"start":{"line":51,"column":92},"end":{"line":51,"column":127}},"locations":[{"start":{"line":51,"column":92},"end":{"line":51,"column":127}}]},"43":{"type":"branch","line":85,"loc":{"start":{"line":85,"column":50},"end":{"line":103,"column":13}},"locations":[{"start":{"line":85,"column":50},"end":{"line":103,"column":13}}]},"44":{"type":"branch","line":93,"loc":{"start":{"line":93,"column":67},"end":{"line":93,"column":130}},"locations":[{"start":{"line":93,"column":67},"end":{"line":93,"column":130}}]},"45":{"type":"branch","line":93,"loc":{"start":{"line":93,"column":130},"end":{"line":93,"column":134}},"locations":[{"start":{"line":93,"column":130},"end":{"line":93,"column":134}}]},"46":{"type":"branch","line":93,"loc":{"start":{"line":93,"column":134},"end":{"line":93,"column":138}},"locations":[{"start":{"line":93,"column":134},"end":{"line":93,"column":138}}]},"47":{"type":"branch","line":97,"loc":{"start":{"line":97,"column":70},"end":{"line":97,"column":132}},"locations":[{"start":{"line":97,"column":70},"end":{"line":97,"column":132}}]},"48":{"type":"branch","line":97,"loc":{"start":{"line":97,"column":132},"end":{"line":97,"column":136}},"locations":[{"start":{"line":97,"column":132},"end":{"line":97,"column":136}}]},"49":{"type":"branch","line":97,"loc":{"start":{"line":97,"column":136},"end":{"line":97,"column":140}},"locations":[{"start":{"line":97,"column":136},"end":{"line":97,"column":140}}]},"50":{"type":"branch","line":86,"loc":{"start":{"line":86,"column":66},"end":{"line":90,"column":17}},"locations":[{"start":{"line":86,"column":66},"end":{"line":90,"column":17}}]},"51":{"type":"branch","line":88,"loc":{"start":{"line":88,"column":113},"end":{"line":88,"column":117}},"locations":[{"start":{"line":88,"column":113},"end":{"line":88,"column":117}}]},"52":{"type":"branch","line":93,"loc":{"start":{"line":93,"column":94},"end":{"line":93,"column":129}},"locations":[{"start":{"line":93,"column":94},"end":{"line":93,"column":129}}]},"53":{"type":"branch","line":97,"loc":{"start":{"line":97,"column":96},"end":{"line":97,"column":131}},"locations":[{"start":{"line":97,"column":96},"end":{"line":97,"column":131}}]}},"b":{"0":[6],"1":[6],"2":[1],"3":[5],"4":[4],"5":[1],"6":[4],"7":[3],"8":[1],"9":[20],"10":[6],"11":[14],"12":[10],"13":[7],"14":[7],"15":[10],"16":[7],"17":[7],"18":[2],"19":[1],"20":[1],"21":[13],"22":[9],"23":[3],"24":[3],"25":[10],"26":[9],"27":[3],"28":[0],"29":[10],"30":[0],"31":[0],"32":[0],"33":[0],"34":[10],"35":[7],"36":[3],"37":[24],"38":[26],"39":[16],"40":[0],"41":[16],"42":[16],"43":[7],"44":[4],"45":[2],"46":[5],"47":[4],"48":[5],"49":[2],"50":[8],"51":[0],"52":[8],"53":[8]},"fnMap":{"0":{"name":"RecintosZoo","decl":{"start":{"line":2,"column":4},"end":{"line":19,"column":5}},"loc":{"start":{"line":2,"column":4},"end":{"line":19,"column":5}},"line":2},"1":{"name":"analisaRecintos","decl":{"start":{"line":21,"column":4},"end":{"line":109,"column":5}},"loc":{"start":{"line":21,"column":4},"end":{"line":109,"column":5}},"line":21}},"f":{"0":6,"1":6}}
}
