TN:
SF:src\recintos-zoo.js
FN:2,RecintosZoo
FN:21,analisaRecintos
FNF:2
FNH:2
FNDA:6,RecintosZoo
FNDA:6,analisaRecintos
DA:1,1
DA:2,1
DA:3,6
DA:4,6
DA:5,6
DA:6,6
DA:7,6
DA:8,6
DA:9,6
DA:10,6
DA:11,6
DA:12,6
DA:13,6
DA:14,6
DA:15,6
DA:16,6
DA:17,6
DA:18,6
DA:19,6
DA:20,1
DA:21,1
DA:22,6
DA:23,1
DA:24,1
DA:25,5
DA:26,6
DA:27,1
DA:28,1
DA:29,4
DA:30,4
DA:31,4
DA:32,4
DA:33,20
DA:34,20
DA:35,20
DA:36,20
DA:37,6
DA:38,6
DA:39,14
DA:40,14
DA:41,16
DA:42,16
DA:43,16
DA:44,14
DA:45,14
DA:46,14
DA:47,20
DA:48,20
DA:49,20
DA:50,20
DA:51,20
DA:52,20
DA:53,20
DA:54,20
DA:55,20
DA:56,1
DA:57,1
DA:58,13
DA:59,20
DA:60,9
DA:61,9
DA:62,3
DA:63,3
DA:64,9
DA:65,10
DA:66,10
DA:67,20
DA:68,0
DA:69,0
DA:70,10
DA:71,10
DA:72,20
DA:73,0
DA:74,0
DA:75,10
DA:76,10
DA:77,20
DA:78,7
DA:79,7
DA:80,3
DA:81,3
DA:82,4
DA:83,4
DA:84,6
DA:85,3
DA:86,7
DA:87,8
DA:88,8
DA:89,8
DA:90,7
DA:91,7
DA:92,7
DA:93,7
DA:94,7
DA:95,7
DA:96,7
DA:97,7
DA:98,7
DA:99,7
DA:100,7
DA:101,7
DA:102,7
DA:103,3
DA:104,3
DA:105,3
DA:106,6
DA:107,1
DA:108,1
DA:109,6
DA:110,1
DA:111,1
DA:112,1
DA:113,1
DA:114,1
DA:115,1
DA:116,1
LF:116
LH:112
BRDA:2,0,0,6
BRDA:21,1,0,6
BRDA:22,2,0,1
BRDA:24,3,0,5
BRDA:26,4,0,4
BRDA:26,5,0,1
BRDA:28,6,0,4
BRDA:84,7,0,3
BRDA:106,8,0,1
BRDA:32,9,0,20
BRDA:36,10,0,6
BRDA:38,11,0,14
BRDA:47,12,0,10
BRDA:47,13,0,7
BRDA:47,14,0,7
BRDA:51,15,0,10
BRDA:51,16,0,7
BRDA:51,17,0,7
BRDA:55,18,0,2
BRDA:55,19,0,1
BRDA:55,20,0,1
BRDA:57,21,0,13
BRDA:59,22,0,9
BRDA:61,23,0,3
BRDA:61,24,0,3
BRDA:64,25,0,10
BRDA:67,26,0,9
BRDA:67,27,0,3
BRDA:67,28,0,0
BRDA:69,29,0,10
BRDA:72,30,0,0
BRDA:72,31,0,0
BRDA:72,32,0,0
BRDA:72,33,0,0
BRDA:74,34,0,10
BRDA:77,35,0,7
BRDA:79,36,0,3
BRDA:33,37,0,24
BRDA:36,38,0,26
BRDA:40,39,0,16
BRDA:42,40,0,0
BRDA:47,41,0,16
BRDA:51,42,0,16
BRDA:85,43,0,7
BRDA:93,44,0,4
BRDA:93,45,0,2
BRDA:93,46,0,5
BRDA:97,47,0,4
BRDA:97,48,0,5
BRDA:97,49,0,2
BRDA:86,50,0,8
BRDA:88,51,0,0
BRDA:93,52,0,8
BRDA:97,53,0,8
BRF:54
BRH:47
end_of_record
